<?xml version="1.0" encoding="UTF-8"?>
<!-- Generated by org.testng.reporters.JUnitReportReporter -->
<testsuite skipped="0" hostname="admin-PC" name="org.testng.FbLoginpageGroup" tests="3" failures="0" timestamp="27 Jul 2021 11:06:08 GMT" time="9.039" errors="0">
  <testcase name="tc1" time="8.892" classname="org.testng.FbLoginpageGroup"/>
  <testcase name="tc3" time="0.054" classname="org.testng.FbLoginpageGroup"/>
  <testcase name="tc2" time="0.093" classname="org.testng.FbLoginpageGroup"/>
</testsuite> <!-- org.testng.FbLoginpageGroup -->
