<?xml version="1.0" encoding="UTF-8"?>
<!-- Generated by org.testng.reporters.JUnitReportReporter -->
<testsuite skipped="1" hostname="admin-PC" name="org.testng.C" tests="2" failures="0" timestamp="16 Jul 2021 06:36:33 GMT" time="0.001" errors="0">
  <testcase name="tc111" time="0.001" classname="org.testng.C"/>
  <testcase name="tc222" classname="org.testng.C">
    <skipped/>
  </testcase> <!-- tc222 -->
</testsuite> <!-- org.testng.C -->
