<?xml version="1.0" encoding="UTF-8"?>
<!-- Generated by org.testng.reporters.JUnitReportReporter -->
<testsuite skipped="0" hostname="admin-PC" name="org.testngTask.Question2" tests="1" failures="0" timestamp="24 Jul 2021 13:49:54 GMT" time="6.031" errors="0">
  <testcase name="tc1" time="6.031" classname="org.testngTask.Question2"/>
</testsuite> <!-- org.testngTask.Question2 -->
