<?xml version="1.0" encoding="UTF-8"?>
<!-- Generated by org.testng.reporters.JUnitReportReporter -->
<testsuite skipped="0" hostname="admin-PC" name="org.testngTask.Question3" tests="1" failures="0" timestamp="24 Jul 2021 14:06:58 GMT" time="0.708" errors="0">
  <testcase name="tc1" time="0.708" classname="org.testngTask.Question3"/>
</testsuite> <!-- org.testngTask.Question3 -->
