<?xml version="1.0" encoding="UTF-8"?>
<!-- Generated by org.testng.reporters.JUnitReportReporter -->
<testsuite skipped="1" hostname="admin-PC" name="org.testng.B" tests="5" failures="0" timestamp="16 Jul 2021 06:36:33 GMT" time="0.013" errors="0">
  <testcase name="tc11" time="0.001" classname="org.testng.B"/>
  <testcase name="tc33" time="0.001" classname="org.testng.B"/>
  <testcase name="tc11" time="0.010" classname="org.testng.B"/>
  <testcase name="tc11" time="0.001" classname="org.testng.B"/>
  <testcase name="tc22" classname="org.testng.B">
    <skipped/>
  </testcase> <!-- tc22 -->
</testsuite> <!-- org.testng.B -->
