<?xml version="1.0" encoding="UTF-8"?>
<!-- Generated by org.testng.reporters.JUnitReportReporter -->
<testsuite skipped="0" hostname="admin-PC" name="org.testng.A" tests="1" failures="0" timestamp="16 Jul 2021 06:36:33 GMT" time="0.001" errors="0">
  <testcase name="tc1" time="0.001" classname="org.testng.A"/>
</testsuite> <!-- org.testng.A -->
