<?xml version="1.0" encoding="UTF-8"?>
<!-- Generated by org.testng.reporters.JUnitReportReporter -->
<testsuite skipped="0" hostname="admin-PC" name="org.testngTask.Question1" tests="2" failures="0" timestamp="22 Jul 2021 15:42:52 GMT" time="0.641" errors="0">
  <testcase name="tc2" time="0.620" classname="org.testngTask.Question1"/>
  <testcase name="tc1" time="0.021" classname="org.testngTask.Question1"/>
</testsuite> <!-- org.testngTask.Question1 -->
