<?xml version="1.0" encoding="UTF-8"?>
<!-- Generated by org.testng.reporters.JUnitReportReporter -->
<testsuite skipped="0" hostname="admin-PC" name="org.testng.FbLoginDataProvider" tests="3" failures="0" timestamp="20 Jul 2021 16:02:51 GMT" time="55.345" errors="0">
  <testcase name="tc1" time="31.385" classname="org.testng.FbLoginDataProvider"/>
  <testcase name="tc1" time="17.530" classname="org.testng.FbLoginDataProvider"/>
  <testcase name="tc1" time="6.430" classname="org.testng.FbLoginDataProvider"/>
</testsuite> <!-- org.testng.FbLoginDataProvider -->
