<?xml version="1.0" encoding="UTF-8"?>
<!-- Generated by org.testng.reporters.JUnitReportReporter -->
<testsuite skipped="0" hostname="admin-PC" name="org.testng.FbLoginTestng" tests="3" failures="0" timestamp="16 Jul 2021 06:10:41 GMT" time="0.634" errors="0">
  <testcase name="tc3" time="0.055" classname="org.testng.FbLoginTestng"/>
  <testcase name="tc1" time="0.485" classname="org.testng.FbLoginTestng"/>
  <testcase name="tc2" time="0.094" classname="org.testng.FbLoginTestng"/>
</testsuite> <!-- org.testng.FbLoginTestng -->
