<?xml version="1.0" encoding="UTF-8"?>
<!-- Generated by org.testng.reporters.JUnitReportReporter -->
<testsuite skipped="0" hostname="admin-PC" name="org.testng.FbForgetPasswdGroup" tests="1" failures="0" timestamp="27 Jul 2021 11:06:08 GMT" time="7.746" errors="0">
  <testcase name="tc" time="7.746" classname="org.testng.FbForgetPasswdGroup"/>
</testsuite> <!-- org.testng.FbForgetPasswdGroup -->
